+---------------------------------------------------------------------------+
|  Time statistics                                                          |
+---------------------------------------------------------------------------+
|             Selection: sum=0.209185134000 s; mean=0.005504871947 s        |
|              Altering: sum=0.295102044000 s; mean=0.007765843263 s        |
|   Fitness calculation: sum=0.176879937000 s; mean=0.004654735184 s        |
|     Overall execution: sum=0.664517256000 s; mean=0.017487296211 s        |
+---------------------------------------------------------------------------+
|  Evolution statistics                                                     |
+---------------------------------------------------------------------------+
|           Generations: 38                                                 |
|               Altered: sum=7,549; mean=198.657894737                      |
|                Killed: sum=0; mean=0.000000000                            |
|              Invalids: sum=0; mean=0.000000000                            |
+---------------------------------------------------------------------------+
|  Population statistics                                                    |
+---------------------------------------------------------------------------+
|                   Age: max=8; mean=1.100211; var=1.814053                 |
|               Fitness:                                                    |
|                      min  = 0.000000000000                                |
|                      max  = 63.672604047475                               |
|                      mean = 3.484157452128                                |
|                      var  = 71.047475139018                               |
|                      std  = 8.428966433616                                |
+---------------------------------------------------------------------------+
[[[-1.3226168588424143E-9],[-1.096964971404292E-9]]] --> 0.0
