+---------------------------------------------------------------------------+
|  Time statistics                                                          |
+---------------------------------------------------------------------------+
|             Selection: sum=0.077451297000 s; mean=0.000619610376 s        |
|              Altering: sum=0.205351688000 s; mean=0.001642813504 s        |
|   Fitness calculation: sum=0.097127225000 s; mean=0.000777017800 s        |
|     Overall execution: sum=0.371304464000 s; mean=0.002970435712 s        |
+---------------------------------------------------------------------------+
|  Evolution statistics                                                     |
+---------------------------------------------------------------------------+
|           Generations: 125                                                |
|               Altered: sum=177,200; mean=1417.600000000                   |
|                Killed: sum=173; mean=1.384000000                          |
|              Invalids: sum=0; mean=0.000000000                            |
+---------------------------------------------------------------------------+
|  Population statistics                                                    |
+---------------------------------------------------------------------------+
|                   Age: max=11; mean=1.677872; var=5.617299                |
|               Fitness:                                                    |
|                      min  = 62.573786016092                               |
|                      max  = 344.248763720487                              |
|                      mean = 144.636749974591                              |
|                      var  = 5082.947247878953                             |
|                      std  = 71.294791169334                               |
+---------------------------------------------------------------------------+
Known min path length: 62.57378601609235
Found min path length: 62.57378601609235
