1:  [UBNHLJUS RCOXR LFIYLAWRDCCNY] --> 6
2:  [UBNHLJUS RCOXR LFIYLAWWDCCNY] --> 7
3:  [UBQHLJUS RCOXR LFIYLAWWECCNY] --> 8
5:  [UBQHLJUS RCOXR LFICLAWWECCNL] --> 9
6:  [W QHLJUS RCOXR LFICLA WEGCNL] --> 10
7:  [W QHLJKS RCOXR LFIHLA WEGCNL] --> 11
8:  [W QHLJKS RCOXR LFIHLA WEGSNL] --> 12
9:  [W QHLJKS RCOXR LFIS A WEGSNL] --> 13
10: [M QHLJKS RCOXR LFIS A WEGSNL] --> 14
11: [MEQHLJKS RCOXR LFIS A WEGSNL] --> 15
12: [MEQHIJKS ICOXR LFIN A WEGSNL] --> 17
14: [MEQHINKS ICOXR LFIN A WEGSNL] --> 18
16: [METHINKS ICOXR LFIN A WEGSNL] --> 19
18: [METHINKS IMOXR LFKN A WEGSNL] --> 20
19: [METHINKS IMOXR LIKN A WEGSNL] --> 21
20: [METHINKS IMOIR LIKN A WEGSNL] --> 22
23: [METHINKS IMOIR LIKN A WEGSEL] --> 23
26: [METHINKS IMOIS LIKN A WEGSEL] --> 24
27: [METHINKS IM IS LIKN A WEHSEL] --> 25
32: [METHINKS IT IS LIKN A WEHSEL] --> 26
42: [METHINKS IT IS LIKN A WEASEL] --> 27
46: [METHINKS IT IS LIKE A WEASEL] --> 28
