+---------------------------------------------------------------------------+
|  Time statistics                                                          |
+---------------------------------------------------------------------------+
|             Selection: sum=0.044465978000 s; mean=0.005558247250 s        |
|              Altering: sum=0.067385211000 s; mean=0.008423151375 s        |
|   Fitness calculation: sum=0.037208189000 s; mean=0.004651023625 s        |
|     Overall execution: sum=0.126468539000 s; mean=0.015808567375 s        |
+---------------------------------------------------------------------------+
|  Evolution statistics                                                     |
+---------------------------------------------------------------------------+
|           Generations: 8                                                  |
|               Altered: sum=4,842; mean=605.250000000                      |
|                Killed: sum=0; mean=0.000000000                            |
|              Invalids: sum=0; mean=0.000000000                            |
+---------------------------------------------------------------------------+
|  Population statistics                                                    |
+---------------------------------------------------------------------------+
|                   Age: max=7; mean=1.387500; var=2.780039                 |
|               Fitness:                                                    |
|                      min  = 0.000000000000                                |
|                      max  = 542.363235999342                              |
|                      mean = 436.098248628661                              |
|                      var  = 11431.801291812390                            |
|                      std  = 106.919601999878                              |
+---------------------------------------------------------------------------+
[01111011|10111101] --> 542.3632359993417
