+---------------------------------------------------------------------------+
|  Time statistics                                                          |
+---------------------------------------------------------------------------+
|             Selection: sum=0.017594839000 s; mean=0.001172989267 s        |
|              Altering: sum=0.100199190000 s; mean=0.006679946000 s        |
|   Fitness calculation: sum=0.007447917000 s; mean=0.000496527800 s        |
|     Overall execution: sum=0.131435736000 s; mean=0.008762382400 s        |
+---------------------------------------------------------------------------+
|  Evolution statistics                                                     |
+---------------------------------------------------------------------------+
|           Generations: 15                                                 |
|               Altered: sum=50,469; mean=3364.600000000                    |
|                Killed: sum=0; mean=0.000000000                            |
|              Invalids: sum=0; mean=0.000000000                            |
+---------------------------------------------------------------------------+
|  Population statistics                                                    |
+---------------------------------------------------------------------------+
|                   Age: max=10; mean=0.855733; var=1.534325                |
|               Fitness:                                                    |
|                      min  = 1.000000000000                                |
|                      max  = 18.000000000000                               |
|                      mean = 10.201466666667                               |
|                      var  = 7.237042787927                                |
+---------------------------------------------------------------------------+
[00001101|10111111|11111111] --> 18
