+---------------------------------------------------------------------------+
|  Time statistics                                                          |
+---------------------------------------------------------------------------+
|             Selection: sum=0.018522842000 s; mean=0.000974886421 s        |
|              Altering: sum=0.088635838000 s; mean=0.004665044105 s        |
|   Fitness calculation: sum=0.009183011000 s; mean=0.000483316368 s        |
|     Overall execution: sum=0.125399375000 s; mean=0.006599967105 s        |
+---------------------------------------------------------------------------+
|  Evolution statistics                                                     |
+---------------------------------------------------------------------------+
|           Generations: 19                                                 |
|               Altered: sum=3,557; mean=187.210526316                      |
|                Killed: sum=0; mean=0.000000000                            |
|              Invalids: sum=0; mean=0.000000000                            |
+---------------------------------------------------------------------------+
|  Population statistics                                                    |
+---------------------------------------------------------------------------+
|                   Age: max=8; mean=1.102105; var=1.919461                 |
|               Fitness:                                                    |
|                      min  = -0.938171897696                               |
|                      max  = 0.916616962601                                |
|                      mean = -0.906090313372                               |
|                      var  = 0.021851810400                                |
+---------------------------------------------------------------------------+
[[[3.3891257853138868]]] --> -0.9381718976956661
