+---------------------------------------------------------------------------+
|  Time statistics                                                          |
+---------------------------------------------------------------------------+
|             Selection: sum=0.072050903000 s; mean=0.000878669549 s        |
|              Altering: sum=0.253133165000 s; mean=0.003086989817 s        |
|   Fitness calculation: sum=0.082208402000 s; mean=0.001002541488 s        |
|     Overall execution: sum=0.412332982000 s; mean=0.005028451000 s        |
+---------------------------------------------------------------------------+
|  Evolution statistics                                                     |
+---------------------------------------------------------------------------+
|           Generations: 82                                                 |
|               Altered: sum=114,639; mean=1398.036585366                   |
|                Killed: sum=41; mean=0.500000000                           |
|              Invalids: sum=0; mean=0.000000000                            |
+---------------------------------------------------------------------------+
|  Population statistics                                                    |
+---------------------------------------------------------------------------+
|                   Age: max=11; mean=1.593951; var=4.688995                |
|               Fitness:                                                    |
|                      min  = 68.677087189481                               |
|                      max  = 346.356353231264                              |
|                      mean = 147.897084643156                              |
|                      var  = 4605.952361305273                             |
+---------------------------------------------------------------------------+
[1|2|3|4|5|6|7|8|9|10|11|12|13|14|15|17|16|18|19|0] --> 68.67708718948101
